<?xml version="1.0" encoding="UTF-8"?>
<!-- Generated by org.testng.reporters.JUnitXMLReporter -->
<testsuite hostname="DESKTOP-PGP9JNA" name="Default test" tests="3" failures="0" timestamp="5 Jul 2022 19:12:00 GMT" time="86.289" errors="0">
  <testcase name="verifyTasksPageLabel" time="1.531" classname="com.crm.qa.testcases.TasksPageTest"/>
  <testcase name="selectMultiTasksCheckBox" time="2.021" classname="com.crm.qa.testcases.TasksPageTest"/>
  <testcase name="selectSingleTasksCheckBox" time="1.803" classname="com.crm.qa.testcases.TasksPageTest"/>
</testsuite> <!-- Default test -->
